P50 re-fetch — 512 destinations
  Already done: 3 | Errors: 0 | Remaining: 509
  Delay: 2.0s | Est. time: ~42 min

[4/512] (1%) amalfi  (ETA: 8min)

──────────────────────────────────────────────────
📍 Côte Amalfitaine (amalfi) — 40.63, 14.6
  🌐 Requête Open-Meteo ERA5 (2016-01-01 → 2025-12-31)...

 Mo  Tmin  Tmax  Rain%  Precip  Sun_h  Class  Score
----------------------------------------------------
  1     6    13     45     0.4    8.0 🟡  mid    4.4
  2     7    15     39     0.2    9.1 🟡  mid    5.0
  3     8    16     42     0.4   10.2 🟡  mid    5.4
  4    10    19     38     0.2   11.8 🟢  rec    7.6
  5    14    22     41     0.4   12.6 🟢  rec    8.1
  6    19    28     18     0.0   13.9 🟢  rec    9.5
  7    22    30     15     0.0   13.7 🟢  rec    9.1
  8    22    31     22     0.0   12.2 🟢  rec    8.5
  9    19    27     32     0.1   11.1 🟢  rec    8.6
 10    15    22     34     0.1    9.6 🟢  rec    7.9
 11    12    18     53     1.5    8.2 🟡  mid    5.2
 12     8    15     37     0.2    8.0 🟡  mid    4.9

  Classification: 7 rec / 5 mid / 0 avoid
  🔄 Données existantes supprimées.
  ✅ 12 lignes ajoutées à climate.csv
